<?xml version="1.0" encoding="UTF-8"?>
<!-- Generated by org.testng.reporters.JUnitReportReporter -->
<testsuite hostname="LAPTOP-KI6L5QHV" failures="0" tests="1" name="testCases.TC_002_Login" time="3.429" errors="0" timestamp="2022-01-03T12:25:43 EST" skipped="0">
  <testcase classname="testCases.TC_002_Login" name="test_Login" time="3.429"/>
  <system-out/>
</testsuite> <!-- testCases.TC_002_Login -->
