<?xml version="1.0" encoding="UTF-8"?>
<!-- Generated by org.testng.reporters.JUnitReportReporter -->
<testsuite hostname="LAPTOP-KI6L5QHV" failures="0" tests="1" name="testCases.TC_001_AccountRegistration" time="3.460" errors="0" timestamp="2022-01-04T08:06:32 EST" skipped="0">
  <testcase classname="testCases.TC_001_AccountRegistration" name="test_account_Registration" time="3.460"/>
  <system-out/>
</testsuite> <!-- testCases.TC_001_AccountRegistration -->
